<?xml version="1.0" encoding="UTF-8"?>
<!-- Generated by org.testng.reporters.JUnitReportReporter -->
<testsuite hostname="LAPTOP-NDRH31F9" failures="0" tests="2" name="Testng.Sample" time="32.366" errors="0" timestamp="2023-06-15T10:52:35 IST" skipped="0">
  <testcase classname="Testng.Sample" name="drag" time="15.407"/>
  <system-out/>
  <testcase classname="Testng.Sample" name="drag1" time="16.959"/>
  <system-out/>
</testsuite> <!-- Testng.Sample -->
