<?xml version="1.0" encoding="UTF-8"?>
<!-- Generated by org.testng.reporters.JUnitReportReporter -->
<testsuite hostname="LAPTOP-NDRH31F9" failures="0" tests="1" name="pom.Runner_Script2" time="76.733" errors="0" timestamp="2023-06-21T09:28:12 IST" skipped="0">
  <testcase classname="pom.Runner_Script2" name="login" time="76.733"/>
  <system-out/>
</testsuite> <!-- pom.Runner_Script2 -->
