<?xml version="1.0" encoding="UTF-8"?>
<!-- Generated by org.testng.reporters.JUnitReportReporter -->
<testsuite hostname="LAPTOP-NDRH31F9" failures="0" tests="2" name="pom.Runner_Script5" time="133.090" errors="0" timestamp="2023-06-21T20:33:30 IST" skipped="0">
  <testcase classname="pom.Runner_Script5" name="flipkart" time="65.664"/>
  <system-out/>
  <testcase classname="pom.Runner_Script5" name="login1" time="67.426"/>
  <system-out/>
</testsuite> <!-- pom.Runner_Script5 -->
