<?xml version="1.0" encoding="UTF-8"?>
<!-- Generated by org.testng.reporters.JUnitReportReporter -->
<testsuite hostname="LAPTOP-NDRH31F9" failures="0" tests="1" name="Testng.demo" time="15.423" errors="0" timestamp="2023-06-15T11:02:22 IST" skipped="0">
  <testcase classname="Testng.demo" name="login2" time="15.423"/>
  <system-out/>
</testsuite> <!-- Testng.demo -->
