<?xml version="1.0" encoding="UTF-8"?>
<!-- Generated by org.testng.reporters.JUnitReportReporter -->
<testsuite hostname="LAPTOP-NDRH31F9" failures="0" tests="1" name="Groups_Classes.Demo2" time="0.001" errors="0" timestamp="2023-06-23T19:46:07 IST" skipped="0">
  <testcase classname="Groups_Classes.Demo2" name="demo5" time="0.001"/>
  <system-out/>
</testsuite> <!-- Groups_Classes.Demo2 -->
